2023-01-07 01:39:18,788 DEBUG [main] InternalLoggerFactory:89 - Using Log4J as the default logging framework
2023-01-07 01:39:18,800 DEBUG [main] ResourceLeakDetector:129 - -Dio.netty.leakDetection.level: simple
2023-01-07 01:39:18,801 DEBUG [main] ResourceLeakDetector:130 - -Dio.netty.leakDetection.targetRecords: 4
2023-01-07 01:39:18,810 DEBUG [main] ResourceLeakDetectorFactory:196 - Loaded default ResourceLeakDetector: io.netty.util.ResourceLeakDetector@3e2fc448
2023-01-07 01:39:18,852 DEBUG [main] PlatformDependent0:496 - -Dio.netty.noUnsafe: false
2023-01-07 01:39:18,853 DEBUG [main] PlatformDependent0:1000 - Java version: 17
2023-01-07 01:39:18,855 DEBUG [main] PlatformDependent0:137 - sun.misc.Unsafe.theUnsafe: available
2023-01-07 01:39:18,858 DEBUG [main] PlatformDependent0:161 - sun.misc.Unsafe.copyMemory: available
2023-01-07 01:39:18,859 DEBUG [main] PlatformDependent0:193 - sun.misc.Unsafe.storeFence: available
2023-01-07 01:39:18,861 DEBUG [main] PlatformDependent0:236 - java.nio.Buffer.address: available
2023-01-07 01:39:18,862 DEBUG [main] PlatformDependent0:320 - direct buffer constructor: unavailable: Reflective setAccessible(true) disabled
2023-01-07 01:39:18,865 DEBUG [main] PlatformDependent0:385 - java.nio.Bits.unaligned: available, true
2023-01-07 01:39:18,867 DEBUG [main] PlatformDependent0:452 - jdk.internal.misc.Unsafe.allocateUninitializedArray(int): unavailable: class io.netty.util.internal.PlatformDependent0$7 cannot access class jdk.internal.misc.Unsafe (in module java.base) because module java.base does not export jdk.internal.misc to unnamed module @3551a94
2023-01-07 01:39:18,869 DEBUG [main] PlatformDependent0:482 - java.nio.DirectByteBuffer.<init>(long, int): unavailable
2023-01-07 01:39:18,870 DEBUG [main] PlatformDependent:1159 - sun.misc.Unsafe: available
2023-01-07 01:39:18,888 DEBUG [main] PlatformDependent:1270 - maxDirectMemory: 3198156800 bytes (maybe)
2023-01-07 01:39:18,890 DEBUG [main] PlatformDependent:1289 - -Dio.netty.tmpdir: C:\Users\KB100~1.JGD\AppData\Local\Temp (java.io.tmpdir)
2023-01-07 01:39:18,892 DEBUG [main] PlatformDependent:1368 - -Dio.netty.bitMode: 64 (sun.arch.data.model)
2023-01-07 01:39:18,893 DEBUG [main] PlatformDependent:1119 - Platform: Windows
2023-01-07 01:39:18,897 DEBUG [main] PlatformDependent:178 - -Dio.netty.maxDirectMemory: -1 bytes
2023-01-07 01:39:18,900 DEBUG [main] PlatformDependent:185 - -Dio.netty.uninitializedArrayAllocationThreshold: -1
2023-01-07 01:39:18,902 DEBUG [main] CleanerJava9:71 - java.nio.ByteBuffer.cleaner(): available
2023-01-07 01:39:18,903 DEBUG [main] PlatformDependent:205 - -Dio.netty.noPreferDirect: false
2023-01-07 01:39:18,919 DEBUG [main] PlatformDependent:1010 - org.jctools-core.MpscChunkedArrayQueue: available
2023-01-07 01:39:18,950 DEBUG [main] InternalThreadLocalMap:86 - -Dio.netty.threadLocalMap.stringBuilder.initialSize: 1024
2023-01-07 01:39:18,950 DEBUG [main] InternalThreadLocalMap:89 - -Dio.netty.threadLocalMap.stringBuilder.maxSize: 4096
2023-01-07 01:39:19,050 DEBUG [main] JdkSslContext:83 - Default protocols (JDK): [TLSv1.3, TLSv1.2] 
2023-01-07 01:39:19,051 DEBUG [main] JdkSslContext:84 - Default cipher suites (JDK): [TLS_ECDHE_ECDSA_WITH_AES_256_GCM_SHA384, TLS_ECDHE_ECDSA_WITH_AES_128_GCM_SHA256, TLS_ECDHE_RSA_WITH_AES_128_GCM_SHA256, TLS_ECDHE_RSA_WITH_AES_256_GCM_SHA384, TLS_ECDHE_RSA_WITH_AES_128_CBC_SHA, TLS_ECDHE_RSA_WITH_AES_256_CBC_SHA, TLS_RSA_WITH_AES_128_GCM_SHA256, TLS_RSA_WITH_AES_128_CBC_SHA, TLS_RSA_WITH_AES_256_CBC_SHA, TLS_AES_128_GCM_SHA256, TLS_AES_256_GCM_SHA384]
2023-01-07 01:39:19,090 DEBUG [main] MultithreadEventLoopGroup:44 - -Dio.netty.eventLoopThreads: 8
2023-01-07 01:39:19,102 DEBUG [main] NioEventLoop:110 - -Dio.netty.noKeySetOptimization: false
2023-01-07 01:39:19,102 DEBUG [main] NioEventLoop:111 - -Dio.netty.selectorAutoRebuildThreshold: 512
2023-01-07 01:39:19,170 DEBUG [main] PooledByteBufAllocator:157 - -Dio.netty.allocator.numHeapArenas: 8
2023-01-07 01:39:19,171 DEBUG [main] PooledByteBufAllocator:158 - -Dio.netty.allocator.numDirectArenas: 8
2023-01-07 01:39:19,172 DEBUG [main] PooledByteBufAllocator:160 - -Dio.netty.allocator.pageSize: 8192
2023-01-07 01:39:19,174 DEBUG [main] PooledByteBufAllocator:165 - -Dio.netty.allocator.maxOrder: 9
2023-01-07 01:39:19,175 DEBUG [main] PooledByteBufAllocator:169 - -Dio.netty.allocator.chunkSize: 4194304
2023-01-07 01:39:19,176 DEBUG [main] PooledByteBufAllocator:170 - -Dio.netty.allocator.smallCacheSize: 256
2023-01-07 01:39:19,177 DEBUG [main] PooledByteBufAllocator:171 - -Dio.netty.allocator.normalCacheSize: 64
2023-01-07 01:39:19,177 DEBUG [main] PooledByteBufAllocator:172 - -Dio.netty.allocator.maxCachedBufferCapacity: 32768
2023-01-07 01:39:19,178 DEBUG [main] PooledByteBufAllocator:173 - -Dio.netty.allocator.cacheTrimInterval: 8192
2023-01-07 01:39:19,181 DEBUG [main] PooledByteBufAllocator:174 - -Dio.netty.allocator.cacheTrimIntervalMillis: 0
2023-01-07 01:39:19,189 DEBUG [main] PooledByteBufAllocator:175 - -Dio.netty.allocator.useCacheForAllThreads: false
2023-01-07 01:39:19,192 DEBUG [main] PooledByteBufAllocator:176 - -Dio.netty.allocator.maxCachedByteBuffersPerChunk: 1023
2023-01-07 01:39:19,216 DEBUG [main] ByteBufUtil:87 - -Dio.netty.allocator.type: pooled
2023-01-07 01:39:19,217 DEBUG [main] ByteBufUtil:96 - -Dio.netty.threadLocalDirectBufferSize: 0
2023-01-07 01:39:19,218 DEBUG [main] ByteBufUtil:99 - -Dio.netty.maxThreadLocalCharBufferSize: 16384
2023-01-07 01:39:19,687 DEBUG [Forwarding newSession on session null to remote] DefaultChannelId:79 - -Dio.netty.processId: 8700 (auto-detected)
2023-01-07 01:39:19,690 DEBUG [Forwarding newSession on session null to remote] NetUtil:136 - -Djava.net.preferIPv4Stack: false
2023-01-07 01:39:19,690 DEBUG [Forwarding newSession on session null to remote] NetUtil:137 - -Djava.net.preferIPv6Addresses: false
2023-01-07 01:39:19,701 DEBUG [Forwarding newSession on session null to remote] NetUtilInitializations:129 - Loopback interface: lo (Software Loopback Interface 1, 127.0.0.1)
2023-01-07 01:39:19,703 DEBUG [Forwarding newSession on session null to remote] NetUtil:191 - Failed to get SOMAXCONN from sysctl and file \proc\sys\net\core\somaxconn. Default: 200
2023-01-07 01:39:19,735 DEBUG [Forwarding newSession on session null to remote] DefaultChannelId:101 - -Dio.netty.machineId: a0:d3:7a:ff:fe:78:4d:76 (auto-detected)
2023-01-07 01:39:19,792 DEBUG [AsyncHttpClient-1-2] AbstractByteBuf:63 - -Dio.netty.buffer.checkAccessible: true
2023-01-07 01:39:19,793 DEBUG [AsyncHttpClient-1-2] AbstractByteBuf:64 - -Dio.netty.buffer.checkBounds: true
2023-01-07 01:39:19,793 DEBUG [AsyncHttpClient-1-2] ResourceLeakDetectorFactory:196 - Loaded default ResourceLeakDetector: io.netty.util.ResourceLeakDetector@6c33ca9b
2023-01-07 01:39:19,819 DEBUG [AsyncHttpClient-1-2] Recycler:85 - -Dio.netty.recycler.maxCapacityPerThread: 4096
2023-01-07 01:39:19,819 DEBUG [AsyncHttpClient-1-2] Recycler:86 - -Dio.netty.recycler.ratio: 8
2023-01-07 01:39:19,820 DEBUG [AsyncHttpClient-1-2] Recycler:87 - -Dio.netty.recycler.chunkSize: 32
2023-01-07 01:39:19,820 DEBUG [AsyncHttpClient-1-2] Recycler:88 - -Dio.netty.recycler.blocking: false
2023-01-07 01:39:20,679 DEBUG [AsyncHttpClient-1-2] Brotli:38 - brotli4j not in the classpath; Brotli support will be unavailable.
2023-01-07 01:39:20,899 DEBUG [main] ThreadLocalRandom:214 - -Dio.netty.initialSeedUniquifier: 0x8fb5f84686db250b
2023-01-07 01:39:24,908  INFO [main] AssignmentOne:30 - Total social links are: 4
